E:\VS2010_PROJ\NETWORK_DEMO\DEBUG\FRAME.LIB
E:\VS2010_PROJ\NETWORK_DEMO\FRAME\DEBUG\BASESOCKET.OBJ
E:\VS2010_PROJ\NETWORK_DEMO\FRAME\DEBUG\BASETASK.OBJ
E:\VS2010_PROJ\NETWORK_DEMO\FRAME\DEBUG\BASETHREAD.OBJ
E:\VS2010_PROJ\NETWORK_DEMO\FRAME\DEBUG\BASETOOL.OBJ
E:\vs2010_proj\network_demo\frame\Debug\cl.command.1.tlog
E:\vs2010_proj\network_demo\frame\Debug\CL.read.1.tlog
E:\vs2010_proj\network_demo\frame\Debug\CL.write.1.tlog
E:\VS2010_PROJ\NETWORK_DEMO\FRAME\DEBUG\CLIENTSOCKET.OBJ
E:\VS2010_PROJ\NETWORK_DEMO\FRAME\DEBUG\DREAMXFILE.OBJ
E:\vs2010_proj\network_demo\frame\Debug\frame.write.1.tlog
E:\vs2010_proj\network_demo\frame\Debug\lib.command.1.tlog
E:\vs2010_proj\network_demo\frame\Debug\Lib-link.read.1.tlog
E:\vs2010_proj\network_demo\frame\Debug\Lib-link.write.1.tlog
E:\VS2010_PROJ\NETWORK_DEMO\FRAME\DEBUG\MUTEX.OBJ
E:\vs2010_proj\network_demo\frame\Debug\network_demo.vcxprojResolveAssemblyReference.cache
E:\VS2010_PROJ\NETWORK_DEMO\FRAME\DEBUG\SERVERSOCKET.OBJ
E:\VS2010_PROJ\NETWORK_DEMO\FRAME\DEBUG\THREADPOOL.OBJ
E:\vs2010_proj\network_demo\frame\Debug\vc100.idb
E:\VS2010_PROJ\NETWORK_DEMO\FRAME\DEBUG\VC100.PDB
E:\VS2010_PROJ\NETWORK_DEMO\FRAME\DEBUG\WORKERTHREAD.OBJ
