生成启动时间为 2016/8/26 11:37:39。
     1>项目“E:\vs2010_proj\network_demo\frame\network_demo.vcxproj”在节点 2 上(build 个目标)。
     1>InitializeBuildStatus:
         正在创建“Debug\frame.unsuccessfulbuild”，因为已指定“AlwaysCreate”。
       ClCompile:
         C:\Program Files (x86)\Microsoft Visual Studio 10.0\VC\bin\CL.exe /c /ZI /nologo /W3 /WX- /Od /Oy- /D WIN32 /D _DEBUG /D _CONSOLE /D _UNICODE /D UNICODE /Gm /EHsc /RTC1 /MDd /GS /fp:precise /Zc:wchar_t /Zc:forScope /Fo"Debug\\" /Fd"Debug\vc100.pdb" /Gd /TP /analyze- /errorReport:prompt net\netprotocalbuff.cpp
         netprotocalbuff.cpp
     1>e:\vs2010_proj\network_demo\frame\net\netprotocalbuff.cpp(191): warning C4996: 'strncpy': This function or variable may be unsafe. Consider using strncpy_s instead. To disable deprecation, use _CRT_SECURE_NO_WARNINGS. See online help for details.
                 c:\program files (x86)\microsoft visual studio 10.0\vc\include\string.h(188) : 参见“strncpy”的声明
       Lib:
         C:\Program Files (x86)\Microsoft Visual Studio 10.0\VC\bin\Lib.exe /OUT:"E:\vs2010_proj\network_demo\Debug\frame.lib" /NOLOGO Debug\basetask.obj
         Debug\basethread.obj
         Debug\basetool.obj
         Debug\commonfunc.obj
         Debug\mutex.obj
         Debug\threadpool.obj
         Debug\workerthread.obj
         Debug\DreamXFile.obj
         Debug\basesocket.obj
         Debug\clientsocket.obj
         Debug\netprotocalbuff.obj
         Debug\serversocket.obj
         network_demo.vcxproj -> E:\vs2010_proj\network_demo\Debug\frame.lib
       FinalizeBuildStatus:
         正在删除文件“Debug\frame.unsuccessfulbuild”。
         正在对“Debug\frame.lastbuildstate”执行 Touch 任务。
     1>已完成生成项目“E:\vs2010_proj\network_demo\frame\network_demo.vcxproj”(build 个目标)的操作。

生成成功。

已用时间 00:00:03.27
